<?xml version="1.0" encoding="UTF-8"?>
<testsuite xmlns:xsi="http://www.w3.org/2001/XMLSchema-instance" xsi:noNamespaceSchemaLocation="https://maven.apache.org/surefire/maven-surefire-plugin/xsd/surefire-test-report.xsd" name="СourierLoginTest" time="5.02" tests="8" errors="0" skipped="0" failures="0">
  <properties>
[...]
</properties>
  <testcase name="CourierLoginWrongPassword" classname="СourierLoginTest" time="0.64"/>
  <testcase name="CourierLoginNotPasswordAndLogin" classname="СourierLoginTest" time="0.656"/>
  <testcase name="CourierLoginWrongPasswordAndLogin" classname="СourierLoginTest" time="0.652"/>
  <testcase name="CourierLoginNotPassword" classname="СourierLoginTest" time="0.624"/>
  <testcase name="CourierLoginWrongLogin" classname="СourierLoginTest" time="0.567"/>
  <testcase name="CodeCourier" classname="СourierLoginTest" time="0.604"/>
  <testcase name="CourierLoginNotLogin" classname="СourierLoginTest" time="0.576"/>
  <testcase name="IDCourier" classname="СourierLoginTest" time="0.688"/>
</testsuite>